# JRE version: OpenJDK Runtime Environment (11.0.9+11) (build 11.0.9+11-suse-lp151.3.22.1-x8664)
# Java VM: OpenJDK 64-Bit Server VM (11.0.9+11-suse-lp151.3.22.1-x8664, mixed mode, tiered, compressed oops, g1 gc, linux-amd64)
Heap:
 garbage-first heap   total 268288K, used 237605K [0x00000000c0000000, 0x0000000100000000)
  region size 1024K, 126 young (129024K), 19 survivors (19456K)
 Metaspace       used 135247K, capacity 140574K, committed 140848K, reserved 1169408K
  class space    used 18530K, capacity 21165K, committed 21248K, reserved 1048576K
GC Heap History (20 events):
Event: 2.380 GC heap before
{Heap before GC invocations=6 (full 0):
 garbage-first heap   total 256000K, used 46262K [0x00000000c0000000, 0x0000000100000000)
  region size 1024K, 24 young (24576K), 8 survivors (8192K)
 Metaspace       used 34760K, capacity 35764K, committed 35920K, reserved 1079296K
  class space    used 4654K, capacity 5163K, committed 5248K, reserved 1048576K
}
Event: 2.391 GC heap after
{Heap after GC invocations=7 (full 0):
 garbage-first heap   total 256000K, used 31129K [0x00000000c0000000, 0x0000000100000000)
  region size 1024K, 8 young (8192K), 8 survivors (8192K)
 Metaspace       used 34760K, capacity 35764K, committed 35920K, reserved 1079296K
  class space    used 4654K, capacity 5163K, committed 5248K, reserved 1048576K
}
Event: 3.565 GC heap before
{Heap before GC invocations=8 (full 0):
 garbage-first heap   total 256000K, used 163225K [0x00000000c0000000, 0x0000000100000000)
  region size 1024K, 137 young (140288K), 8 survivors (8192K)
 Metaspace       used 50557K, capacity 52116K, committed 52432K, reserved 1093632K
  class space    used 6804K, capacity 7613K, committed 7680K, reserved 1048576K
}
Event: 3.586 GC heap after
{Heap after GC invocations=9 (full 0):
 garbage-first heap   total 256000K, used 35494K [0x00000000c0000000, 0x0000000100000000)
  region size 1024K, 12 young (12288K), 12 survivors (12288K)
 Metaspace       used 50557K, capacity 52116K, committed 52432K, reserved 1093632K
  class space    used 6804K, capacity 7613K, committed 7680K, reserved 1048576K
}
Event: 4.383 GC heap before
{Heap before GC invocations=9 (full 0):
 garbage-first heap   total 256000K, used 100006K [0x00000000c0000000, 0x0000000100000000)
  region size 1024K, 76 young (77824K), 12 survivors (12288K)
 Metaspace       used 58192K, capacity 60034K, committed 60296K, reserved 1101824K
  class space    used 7762K, capacity 8703K, committed 8704K, reserved 1048576K
}
Event: 4.397 GC heap after
{Heap after GC invocations=10 (full 0):
 garbage-first heap   total 256000K, used 38233K [0x00000000c0000000, 0x0000000100000000)
  region size 1024K, 12 young (12288K), 12 survivors (12288K)
 Metaspace       used 58192K, capacity 60034K, committed 60296K, reserved 1101824K
  class space    used 7762K, capacity 8703K, committed 8704K, reserved 1048576K
}
Event: 5.725 GC heap before
{Heap before GC invocations=11 (full 0):
 garbage-first heap   total 256000K, used 153945K [0x00000000c0000000, 0x0000000100000000)
  region size 1024K, 125 young (128000K), 12 survivors (12288K)
 Metaspace       used 70861K, capacity 72857K, committed 73096K, reserved 1112064K
  class space    used 9601K, capacity 10645K, committed 10752K, reserved 1048576K
}
Event: 5.743 GC heap after
{Heap after GC invocations=12 (full 0):
 garbage-first heap   total 256000K, used 42630K [0x00000000c0000000, 0x0000000100000000)
  region size 1024K, 12 young (12288K), 12 survivors (12288K)
 Metaspace       used 70861K, capacity 72857K, committed 73096K, reserved 1112064K
  class space    used 9601K, capacity 10645K, committed 10752K, reserved 1048576K
}
Event: 6.784 GC heap before
{Heap before GC invocations=12 (full 0):
 garbage-first heap   total 256000K, used 164486K [0x00000000c0000000, 0x0000000100000000)
  region size 1024K, 131 young (134144K), 12 survivors (12288K)
 Metaspace       used 85577K, capacity 87678K, committed 88072K, reserved 1124352K
  class space    used 11297K, capacity 12388K, committed 12416K, reserved 1048576K
}
Event: 6.792 GC heap after
{Heap after GC invocations=13 (full 0):
 garbage-first heap   total 256000K, used 44835K [0x00000000c0000000, 0x0000000100000000)
  region size 1024K, 10 young (10240K), 10 survivors (10240K)
 Metaspace       used 85577K, capacity 87678K, committed 88072K, reserved 1124352K
  class space    used 11297K, capacity 12388K, committed 12416K, reserved 1048576K
}
Event: 7.917 GC heap before
{Heap before GC invocations=13 (full 0):
 garbage-first heap   total 256000K, used 147235K [0x00000000c0000000, 0x0000000100000000)
  region size 1024K, 111 young (113664K), 10 survivors (10240K)
 Metaspace       used 97806K, capacity 100620K, committed 100708K, reserved 1136640K
  class space    used 13146K, capacity 14591K, committed 14592K, reserved 1048576K
}
Event: 7.940 GC heap after
{Heap after GC invocations=14 (full 0):
 garbage-first heap   total 256000K, used 45803K [0x00000000c0000000, 0x0000000100000000)
  region size 1024K, 11 young (11264K), 11 survivors (11264K)
 Metaspace       used 97806K, capacity 100620K, committed 100708K, reserved 1136640K
  class space    used 13146K, capacity 14591K, committed 14592K, reserved 1048576K
}
Event: 9.526 GC heap before
{Heap before GC invocations=15 (full 0):
 garbage-first heap   total 256000K, used 189163K [0x00000000c0000000, 0x0000000100000000)
  region size 1024K, 141 young (144384K), 11 survivors (11264K)
 Metaspace       used 111659K, capacity 115351K, committed 115632K, reserved 1146880K
  class space    used 15534K, capacity 17438K, committed 17536K, reserved 1048576K
}
Event: 9.539 GC heap after
{Heap after GC invocations=16 (full 0):
 garbage-first heap   total 256000K, used 49346K [0x00000000c0000000, 0x0000000100000000)
  region size 1024K, 12 young (12288K), 12 survivors (12288K)
 Metaspace       used 111659K, capacity 115351K, committed 115632K, reserved 1146880K
  class space    used 15534K, capacity 17438K, committed 17536K, reserved 1048576K
}
Event: 10.894 GC heap before
{Heap before GC invocations=16 (full 0):
 garbage-first heap   total 256000K, used 193730K [0x00000000c0000000, 0x0000000100000000)
  region size 1024K, 149 young (152576K), 12 survivors (12288K)
 Metaspace       used 123234K, capacity 128023K, committed 128176K, reserved 1159168K
  class space    used 17182K, capacity 19570K, committed 19584K, reserved 1048576K
}
Event: 10.918 GC heap after
{Heap after GC invocations=17 (full 0):
 garbage-first heap   total 256000K, used 52739K [0x00000000c0000000, 0x0000000100000000)
  region size 1024K, 11 young (11264K), 11 survivors (11264K)
 Metaspace       used 123234K, capacity 128023K, committed 128176K, reserved 1159168K
  class space    used 17182K, capacity 19570K, committed 19584K, reserved 1048576K
}
Event: 55.339 GC heap before
{Heap before GC invocations=17 (full 0):
 garbage-first heap   total 256000K, used 202243K [0x00000000c0000000, 0x0000000100000000)
  region size 1024K, 150 young (153600K), 11 survivors (11264K)
 Metaspace       used 132878K, capacity 138021K, committed 138160K, reserved 1167360K
  class space    used 18489K, capacity 21112K, committed 21120K, reserved 1048576K
}
Event: 55.352 GC heap after
{Heap after GC invocations=18 (full 0):
 garbage-first heap   total 256000K, used 55544K [0x00000000c0000000, 0x0000000100000000)
  region size 1024K, 12 young (12288K), 12 survivors (12288K)
 Metaspace       used 132878K, capacity 138021K, committed 138160K, reserved 1167360K
  class space    used 18489K, capacity 21112K, committed 21120K, reserved 1048576K
}
Event: 185.765 GC heap before
{Heap before GC invocations=18 (full 0):
 garbage-first heap   total 256000K, used 244984K [0x00000000c0000000, 0x0000000100000000)
  region size 1024K, 150 young (153600K), 12 survivors (12288K)
 Metaspace       used 134669K, capacity 139946K, committed 140336K, reserved 1169408K
  class space    used 18523K, capacity 21154K, committed 21248K, reserved 1048576K
}
Event: 185.789 GC heap after
{Heap after GC invocations=19 (full 0):
 garbage-first heap   total 268288K, used 64549K [0x00000000c0000000, 0x0000000100000000)
  region size 1024K, 19 young (19456K), 19 survivors (19456K)
 Metaspace       used 134669K, capacity 139946K, committed 140336K, reserved 1169408K
  class space    used 18523K, capacity 21154K, committed 21248K, reserved 1048576K
}

