# JRE version: OpenJDK Runtime Environment (11.0.9+11) (build 11.0.9+11-suse-lp151.3.22.1-x8664)
# Java VM: OpenJDK 64-Bit Server VM (11.0.9+11-suse-lp151.3.22.1-x8664, mixed mode, tiered, compressed oops, g1 gc, linux-amd64)
Heap:
 garbage-first heap   total 273408K, used 184351K [0x00000000c0000000, 0x0000000100000000)
  region size 1024K, 33 young (33792K), 19 survivors (19456K)
 Metaspace       used 133309K, capacity 138374K, committed 138996K, reserved 1167360K
  class space    used 18257K, capacity 20776K, committed 20864K, reserved 1048576K
GC Heap History (20 events):
Event: 2.255 GC heap before
{Heap before GC invocations=6 (full 0):
 garbage-first heap   total 256000K, used 47630K [0x00000000c0000000, 0x0000000100000000)
  region size 1024K, 25 young (25600K), 8 survivors (8192K)
 Metaspace       used 34723K, capacity 35764K, committed 35888K, reserved 1079296K
  class space    used 4654K, capacity 5163K, committed 5248K, reserved 1048576K
}
Event: 2.283 GC heap after
{Heap after GC invocations=7 (full 0):
 garbage-first heap   total 256000K, used 31121K [0x00000000c0000000, 0x0000000100000000)
  region size 1024K, 8 young (8192K), 8 survivors (8192K)
 Metaspace       used 34723K, capacity 35764K, committed 35888K, reserved 1079296K
  class space    used 4654K, capacity 5163K, committed 5248K, reserved 1048576K
}
Event: 3.192 GC heap before
{Heap before GC invocations=8 (full 0):
 garbage-first heap   total 256000K, used 149905K [0x00000000c0000000, 0x0000000100000000)
  region size 1024K, 124 young (126976K), 8 survivors (8192K)
 Metaspace       used 49203K, capacity 50671K, committed 50736K, reserved 1093632K
  class space    used 6561K, capacity 7289K, committed 7296K, reserved 1048576K
}
Event: 3.207 GC heap after
{Heap after GC invocations=9 (full 0):
 garbage-first heap   total 256000K, used 35268K [0x00000000c0000000, 0x0000000100000000)
  region size 1024K, 12 young (12288K), 12 survivors (12288K)
 Metaspace       used 49203K, capacity 50671K, committed 50736K, reserved 1093632K
  class space    used 6561K, capacity 7289K, committed 7296K, reserved 1048576K
}
Event: 3.851 GC heap before
{Heap before GC invocations=9 (full 0):
 garbage-first heap   total 256000K, used 116164K [0x00000000c0000000, 0x0000000100000000)
  region size 1024K, 93 young (95232K), 12 survivors (12288K)
 Metaspace       used 58304K, capacity 60057K, committed 60208K, reserved 1101824K
  class space    used 7781K, capacity 8733K, committed 8832K, reserved 1048576K
}
Event: 3.866 GC heap after
{Heap after GC invocations=10 (full 0):
 garbage-first heap   total 256000K, used 38369K [0x00000000c0000000, 0x0000000100000000)
  region size 1024K, 12 young (12288K), 12 survivors (12288K)
 Metaspace       used 58304K, capacity 60057K, committed 60208K, reserved 1101824K
  class space    used 7781K, capacity 8733K, committed 8832K, reserved 1048576K
}
Event: 4.948 GC heap before
{Heap before GC invocations=11 (full 0):
 garbage-first heap   total 256000K, used 173537K [0x00000000c0000000, 0x0000000100000000)
  region size 1024K, 144 young (147456K), 12 survivors (12288K)
 Metaspace       used 72553K, capacity 74713K, committed 74800K, reserved 1114112K
  class space    used 9943K, capacity 11068K, committed 11136K, reserved 1048576K
}
Event: 4.968 GC heap after
{Heap after GC invocations=12 (full 0):
 garbage-first heap   total 256000K, used 42898K [0x00000000c0000000, 0x0000000100000000)
  region size 1024K, 13 young (13312K), 13 survivors (13312K)
 Metaspace       used 72553K, capacity 74713K, committed 74800K, reserved 1114112K
  class space    used 9943K, capacity 11068K, committed 11136K, reserved 1048576K
}
Event: 5.838 GC heap before
{Heap before GC invocations=12 (full 0):
 garbage-first heap   total 256000K, used 181138K [0x00000000c0000000, 0x0000000100000000)
  region size 1024K, 150 young (153600K), 13 survivors (13312K)
 Metaspace       used 90261K, capacity 92706K, committed 92848K, reserved 1128448K
  class space    used 12228K, capacity 13530K, committed 13568K, reserved 1048576K
}
Event: 5.851 GC heap after
{Heap after GC invocations=13 (full 0):
 garbage-first heap   total 256000K, used 45565K [0x00000000c0000000, 0x0000000100000000)
  region size 1024K, 12 young (12288K), 12 survivors (12288K)
 Metaspace       used 90261K, capacity 92706K, committed 92848K, reserved 1128448K
  class space    used 12228K, capacity 13530K, committed 13568K, reserved 1048576K
}
Event: 6.295 GC heap before
{Heap before GC invocations=13 (full 0):
 garbage-first heap   total 256000K, used 105981K [0x00000000c0000000, 0x0000000100000000)
  region size 1024K, 72 young (73728K), 12 survivors (12288K)
 Metaspace       used 97567K, capacity 100448K, committed 100656K, reserved 1134592K
  class space    used 13380K, capacity 14919K, committed 14976K, reserved 1048576K
}
Event: 6.306 GC heap after
{Heap after GC invocations=14 (full 0):
 garbage-first heap   total 256000K, used 47263K [0x00000000c0000000, 0x0000000100000000)
  region size 1024K, 10 young (10240K), 10 survivors (10240K)
 Metaspace       used 97567K, capacity 100448K, committed 100656K, reserved 1134592K
  class space    used 13380K, capacity 14919K, committed 14976K, reserved 1048576K
}
Event: 8.352 GC heap before
{Heap before GC invocations=15 (full 0):
 garbage-first heap   total 256000K, used 200863K [0x00000000c0000000, 0x0000000100000000)
  region size 1024K, 150 young (153600K), 10 survivors (10240K)
 Metaspace       used 111909K, capacity 115700K, committed 115956K, reserved 1148928K
  class space    used 15517K, capacity 17477K, committed 17536K, reserved 1048576K
}
Event: 8.379 GC heap after
{Heap after GC invocations=16 (full 0):
 garbage-first heap   total 256000K, used 51088K [0x00000000c0000000, 0x0000000100000000)
  region size 1024K, 13 young (13312K), 13 survivors (13312K)
 Metaspace       used 111909K, capacity 115700K, committed 115956K, reserved 1148928K
  class space    used 15517K, capacity 17477K, committed 17536K, reserved 1048576K
}
Event: 10.037 GC heap before
{Heap before GC invocations=16 (full 0):
 garbage-first heap   total 256000K, used 195472K [0x00000000c0000000, 0x0000000100000000)
  region size 1024K, 150 young (153600K), 13 survivors (13312K)
 Metaspace       used 122159K, capacity 127178K, committed 127604K, reserved 1157120K
  class space    used 17095K, capacity 19595K, committed 19712K, reserved 1048576K
}
Event: 10.057 GC heap after
{Heap after GC invocations=17 (full 0):
 garbage-first heap   total 256000K, used 58071K [0x00000000c0000000, 0x0000000100000000)
  region size 1024K, 16 young (16384K), 16 survivors (16384K)
 Metaspace       used 122159K, capacity 127178K, committed 127604K, reserved 1157120K
  class space    used 17095K, capacity 19595K, committed 19712K, reserved 1048576K
}
Event: 10.927 GC heap before
{Heap before GC invocations=17 (full 0):
 garbage-first heap   total 256000K, used 200407K [0x00000000c0000000, 0x0000000100000000)
  region size 1024K, 150 young (153600K), 16 survivors (16384K)
 Metaspace       used 131187K, capacity 136263K, committed 136692K, reserved 1165312K
  class space    used 17982K, capacity 20492K, committed 20608K, reserved 1048576K
}
Event: 10.941 GC heap after
{Heap after GC invocations=18 (full 0):
 garbage-first heap   total 256000K, used 69712K [0x00000000c0000000, 0x0000000100000000)
  region size 1024K, 14 young (14336K), 14 survivors (14336K)
 Metaspace       used 131187K, capacity 136263K, committed 136692K, reserved 1165312K
  class space    used 17982K, capacity 20492K, committed 20608K, reserved 1048576K
}
Event: 11.664 GC heap before
{Heap before GC invocations=18 (full 0):
 garbage-first heap   total 256000K, used 219216K [0x00000000c0000000, 0x0000000100000000)
  region size 1024K, 104 young (106496K), 14 survivors (14336K)
 Metaspace       used 133216K, capacity 138308K, committed 138740K, reserved 1167360K
  class space    used 18257K, capacity 20776K, committed 20864K, reserved 1048576K
}
Event: 11.690 GC heap after
{Heap after GC invocations=19 (full 0):
 garbage-first heap   total 273408K, used 165919K [0x00000000c0000000, 0x0000000100000000)
  region size 1024K, 19 young (19456K), 19 survivors (19456K)
 Metaspace       used 133216K, capacity 138308K, committed 138740K, reserved 1167360K
  class space    used 18257K, capacity 20776K, committed 20864K, reserved 1048576K
}

