# JRE version: OpenJDK Runtime Environment (11.0.9+11) (build 11.0.9+11-suse-lp151.3.22.1-x8664)
# Java VM: OpenJDK 64-Bit Server VM (11.0.9+11-suse-lp151.3.22.1-x8664, mixed mode, tiered, compressed oops, g1 gc, linux-amd64)
Heap:
 garbage-first heap   total 256000K, used 203483K [0x00000000c0000000, 0x0000000100000000)
  region size 1024K, 91 young (93184K), 19 survivors (19456K)
 Metaspace       used 131755K, capacity 136581K, committed 137204K, reserved 1165312K
  class space    used 18016K, capacity 20434K, committed 20548K, reserved 1048576K
GC Heap History (20 events):
Event: 2.409 GC heap before
{Heap before GC invocations=5 (full 0):
 garbage-first heap   total 256000K, used 106070K [0x00000000c0000000, 0x0000000100000000)
  region size 1024K, 82 young (83968K), 6 survivors (6144K)
 Metaspace       used 33618K, capacity 34680K, committed 34992K, reserved 1079296K
  class space    used 4506K, capacity 5026K, committed 5120K, reserved 1048576K
}
Event: 2.423 GC heap after
{Heap after GC invocations=6 (full 0):
 garbage-first heap   total 256000K, used 30716K [0x00000000c0000000, 0x0000000100000000)
  region size 1024K, 8 young (8192K), 8 survivors (8192K)
 Metaspace       used 33618K, capacity 34680K, committed 34992K, reserved 1079296K
  class space    used 4506K, capacity 5026K, committed 5120K, reserved 1048576K
}
Event: 2.529 GC heap before
{Heap before GC invocations=6 (full 0):
 garbage-first heap   total 256000K, used 43004K [0x00000000c0000000, 0x0000000100000000)
  region size 1024K, 21 young (21504K), 8 survivors (8192K)
 Metaspace       used 34723K, capacity 35764K, committed 35888K, reserved 1079296K
  class space    used 4654K, capacity 5163K, committed 5248K, reserved 1048576K
}
Event: 2.537 GC heap after
{Heap after GC invocations=7 (full 0):
 garbage-first heap   total 256000K, used 30959K [0x00000000c0000000, 0x0000000100000000)
  region size 1024K, 8 young (8192K), 8 survivors (8192K)
 Metaspace       used 34723K, capacity 35764K, committed 35888K, reserved 1079296K
  class space    used 4654K, capacity 5163K, committed 5248K, reserved 1048576K
}
Event: 3.704 GC heap before
{Heap before GC invocations=8 (full 0):
 garbage-first heap   total 256000K, used 170223K [0x00000000c0000000, 0x0000000100000000)
  region size 1024K, 144 young (147456K), 8 survivors (8192K)
 Metaspace       used 51217K, capacity 52764K, committed 52912K, reserved 1095680K
  class space    used 6864K, capacity 7679K, committed 7680K, reserved 1048576K
}
Event: 3.721 GC heap after
{Heap after GC invocations=9 (full 0):
 garbage-first heap   total 256000K, used 35703K [0x00000000c0000000, 0x0000000100000000)
  region size 1024K, 13 young (13312K), 13 survivors (13312K)
 Metaspace       used 51217K, capacity 52764K, committed 52912K, reserved 1095680K
  class space    used 6864K, capacity 7679K, committed 7680K, reserved 1048576K
}
Event: 4.321 GC heap before
{Heap before GC invocations=9 (full 0):
 garbage-first heap   total 256000K, used 95095K [0x00000000c0000000, 0x0000000100000000)
  region size 1024K, 73 young (74752K), 13 survivors (13312K)
 Metaspace       used 58279K, capacity 60068K, committed 60208K, reserved 1101824K
  class space    used 7784K, capacity 8736K, committed 8832K, reserved 1048576K
}
Event: 4.337 GC heap after
{Heap after GC invocations=10 (full 0):
 garbage-first heap   total 256000K, used 37867K [0x00000000c0000000, 0x0000000100000000)
  region size 1024K, 12 young (12288K), 12 survivors (12288K)
 Metaspace       used 58279K, capacity 60068K, committed 60208K, reserved 1101824K
  class space    used 7784K, capacity 8736K, committed 8832K, reserved 1048576K
}
Event: 5.784 GC heap before
{Heap before GC invocations=11 (full 0):
 garbage-first heap   total 256000K, used 179179K [0x00000000c0000000, 0x0000000100000000)
  region size 1024K, 150 young (153600K), 12 survivors (12288K)
 Metaspace       used 73606K, capacity 75630K, committed 75824K, reserved 1114112K
  class space    used 9987K, capacity 11058K, committed 11136K, reserved 1048576K
}
Event: 5.802 GC heap after
{Heap after GC invocations=12 (full 0):
 garbage-first heap   total 256000K, used 42647K [0x00000000c0000000, 0x0000000100000000)
  region size 1024K, 15 young (15360K), 15 survivors (15360K)
 Metaspace       used 73606K, capacity 75630K, committed 75824K, reserved 1114112K
  class space    used 9987K, capacity 11058K, committed 11136K, reserved 1048576K
}
Event: 7.131 GC heap before
{Heap before GC invocations=12 (full 0):
 garbage-first heap   total 256000K, used 180887K [0x00000000c0000000, 0x0000000100000000)
  region size 1024K, 150 young (153600K), 15 survivors (15360K)
 Metaspace       used 90103K, capacity 92437K, committed 92592K, reserved 1128448K
  class space    used 12035K, capacity 13278K, committed 13312K, reserved 1048576K
}
Event: 7.151 GC heap after
{Heap after GC invocations=13 (full 0):
 garbage-first heap   total 256000K, used 44607K [0x00000000c0000000, 0x0000000100000000)
  region size 1024K, 10 young (10240K), 10 survivors (10240K)
 Metaspace       used 90103K, capacity 92437K, committed 92592K, reserved 1128448K
  class space    used 12035K, capacity 13278K, committed 13312K, reserved 1048576K
}
Event: 7.954 GC heap before
{Heap before GC invocations=13 (full 0):
 garbage-first heap   total 256000K, used 105023K [0x00000000c0000000, 0x0000000100000000)
  region size 1024K, 70 young (71680K), 10 survivors (10240K)
 Metaspace       used 97841K, capacity 100605K, committed 100776K, reserved 1136640K
  class space    used 13105K, capacity 14520K, committed 14584K, reserved 1048576K
}
Event: 7.966 GC heap after
{Heap after GC invocations=14 (full 0):
 garbage-first heap   total 256000K, used 45993K [0x00000000c0000000, 0x0000000100000000)
  region size 1024K, 11 young (11264K), 11 survivors (11264K)
 Metaspace       used 97841K, capacity 100605K, committed 100776K, reserved 1136640K
  class space    used 13105K, capacity 14520K, committed 14584K, reserved 1048576K
}
Event: 9.853 GC heap before
{Heap before GC invocations=15 (full 0):
 garbage-first heap   total 256000K, used 198569K [0x00000000c0000000, 0x0000000100000000)
  region size 1024K, 150 young (153600K), 11 survivors (11264K)
 Metaspace       used 111927K, capacity 115673K, committed 115956K, reserved 1148928K
  class space    used 15525K, capacity 17444K, committed 17476K, reserved 1048576K
}
Event: 9.875 GC heap after
{Heap after GC invocations=16 (full 0):
 garbage-first heap   total 256000K, used 50528K [0x00000000c0000000, 0x0000000100000000)
  region size 1024K, 14 young (14336K), 14 survivors (14336K)
 Metaspace       used 111927K, capacity 115673K, committed 115956K, reserved 1148928K
  class space    used 15525K, capacity 17444K, committed 17476K, reserved 1048576K
}
Event: 11.234 GC heap before
{Heap before GC invocations=16 (full 0):
 garbage-first heap   total 256000K, used 193888K [0x00000000c0000000, 0x0000000100000000)
  region size 1024K, 150 young (153600K), 14 survivors (14336K)
 Metaspace       used 122145K, capacity 127004K, committed 127220K, reserved 1157120K
  class space    used 17008K, capacity 19433K, committed 19524K, reserved 1048576K
}
Event: 11.254 GC heap after
{Heap after GC invocations=17 (full 0):
 garbage-first heap   total 256000K, used 55181K [0x00000000c0000000, 0x0000000100000000)
  region size 1024K, 13 young (13312K), 13 survivors (13312K)
 Metaspace       used 122145K, capacity 127004K, committed 127220K, reserved 1157120K
  class space    used 17008K, capacity 19433K, committed 19524K, reserved 1048576K
}
Event: 11.970 GC heap before
{Heap before GC invocations=17 (full 0):
 garbage-first heap   total 256000K, used 198541K [0x00000000c0000000, 0x0000000100000000)
  region size 1024K, 150 young (153600K), 13 survivors (13312K)
 Metaspace       used 130409K, capacity 135306K, committed 135668K, reserved 1165312K
  class space    used 17844K, capacity 20261K, committed 20292K, reserved 1048576K
}
Event: 12.002 GC heap after
{Heap after GC invocations=18 (full 0):
 garbage-first heap   total 256000K, used 77531K [0x00000000c0000000, 0x0000000100000000)
  region size 1024K, 19 young (19456K), 19 survivors (19456K)
 Metaspace       used 130409K, capacity 135306K, committed 135668K, reserved 1165312K
  class space    used 17844K, capacity 20261K, committed 20292K, reserved 1048576K
}

