# JRE version: OpenJDK Runtime Environment (11.0.9+11) (build 11.0.9+11-suse-lp151.3.22.1-x8664)
# Java VM: OpenJDK 64-Bit Server VM (11.0.9+11-suse-lp151.3.22.1-x8664, mixed mode, tiered, compressed oops, g1 gc, linux-amd64)
Heap:
 garbage-first heap   total 281600K, used 242850K [0x00000000c0000000, 0x0000000100000000)
  region size 1024K, 154 young (157696K), 19 survivors (19456K)
 Metaspace       used 135621K, capacity 140827K, committed 141096K, reserved 1169408K
  class space    used 18625K, capacity 21247K, committed 21368K, reserved 1048576K
GC Heap History (20 events):
Event: 2.237 GC heap after
{Heap after GC invocations=6 (full 0):
 garbage-first heap   total 256000K, used 30629K [0x00000000c0000000, 0x0000000100000000)
  region size 1024K, 8 young (8192K), 8 survivors (8192K)
 Metaspace       used 33671K, capacity 34689K, committed 34992K, reserved 1079296K
  class space    used 4508K, capacity 5028K, committed 5120K, reserved 1048576K
}
Event: 2.336 GC heap before
{Heap before GC invocations=6 (full 0):
 garbage-first heap   total 256000K, used 41893K [0x00000000c0000000, 0x0000000100000000)
  region size 1024K, 20 young (20480K), 8 survivors (8192K)
 Metaspace       used 34727K, capacity 35764K, committed 35888K, reserved 1079296K
  class space    used 4651K, capacity 5163K, committed 5248K, reserved 1048576K
}
Event: 2.346 GC heap after
{Heap after GC invocations=7 (full 0):
 garbage-first heap   total 256000K, used 30661K [0x00000000c0000000, 0x0000000100000000)
  region size 1024K, 5 young (5120K), 5 survivors (5120K)
 Metaspace       used 34727K, capacity 35764K, committed 35888K, reserved 1079296K
  class space    used 4651K, capacity 5163K, committed 5248K, reserved 1048576K
}
Event: 3.148 GC heap before
{Heap before GC invocations=8 (full 0):
 garbage-first heap   total 256000K, used 127941K [0x00000000c0000000, 0x0000000100000000)
  region size 1024K, 100 young (102400K), 5 survivors (5120K)
 Metaspace       used 45851K, capacity 47255K, committed 47536K, reserved 1089536K
  class space    used 6173K, capacity 6881K, committed 6912K, reserved 1048576K
}
Event: 3.165 GC heap after
{Heap after GC invocations=9 (full 0):
 garbage-first heap   total 256000K, used 33970K [0x00000000c0000000, 0x0000000100000000)
  region size 1024K, 9 young (9216K), 9 survivors (9216K)
 Metaspace       used 45851K, capacity 47255K, committed 47536K, reserved 1089536K
  class space    used 6173K, capacity 6881K, committed 6912K, reserved 1048576K
}
Event: 4.010 GC heap before
{Heap before GC invocations=9 (full 0):
 garbage-first heap   total 256000K, used 134322K [0x00000000c0000000, 0x0000000100000000)
  region size 1024K, 108 young (110592K), 9 survivors (9216K)
 Metaspace       used 58114K, capacity 59903K, committed 60240K, reserved 1101824K
  class space    used 7763K, capacity 8703K, committed 8704K, reserved 1048576K
}
Event: 4.020 GC heap after
{Heap after GC invocations=10 (full 0):
 garbage-first heap   total 256000K, used 37648K [0x00000000c0000000, 0x0000000100000000)
  region size 1024K, 11 young (11264K), 11 survivors (11264K)
 Metaspace       used 58114K, capacity 59903K, committed 60240K, reserved 1101824K
  class space    used 7763K, capacity 8703K, committed 8704K, reserved 1048576K
}
Event: 5.532 GC heap before
{Heap before GC invocations=11 (full 0):
 garbage-first heap   total 256000K, used 179984K [0x00000000c0000000, 0x0000000100000000)
  region size 1024K, 150 young (153600K), 11 survivors (11264K)
 Metaspace       used 73491K, capacity 75554K, committed 75824K, reserved 1114112K
  class space    used 9974K, capacity 11054K, committed 11136K, reserved 1048576K
}
Event: 5.553 GC heap after
{Heap after GC invocations=12 (full 0):
 garbage-first heap   total 256000K, used 42464K [0x00000000c0000000, 0x0000000100000000)
  region size 1024K, 15 young (15360K), 15 survivors (15360K)
 Metaspace       used 73491K, capacity 75554K, committed 75824K, reserved 1114112K
  class space    used 9974K, capacity 11054K, committed 11136K, reserved 1048576K
}
Event: 6.769 GC heap before
{Heap before GC invocations=12 (full 0):
 garbage-first heap   total 256000K, used 180704K [0x00000000c0000000, 0x0000000100000000)
  region size 1024K, 150 young (153600K), 15 survivors (15360K)
 Metaspace       used 89937K, capacity 92283K, committed 92592K, reserved 1128448K
  class space    used 12026K, capacity 13270K, committed 13312K, reserved 1048576K
}
Event: 6.779 GC heap after
{Heap after GC invocations=13 (full 0):
 garbage-first heap   total 256000K, used 44231K [0x00000000c0000000, 0x0000000100000000)
  region size 1024K, 11 young (11264K), 11 survivors (11264K)
 Metaspace       used 89937K, capacity 92283K, committed 92592K, reserved 1128448K
  class space    used 12026K, capacity 13270K, committed 13312K, reserved 1048576K
}
Event: 7.484 GC heap before
{Heap before GC invocations=13 (full 0):
 garbage-first heap   total 256000K, used 106695K [0x00000000c0000000, 0x0000000100000000)
  region size 1024K, 73 young (74752K), 11 survivors (11264K)
 Metaspace       used 97983K, capacity 100761K, committed 100912K, reserved 1136640K
  class space    used 13217K, capacity 14662K, committed 14720K, reserved 1048576K
}
Event: 7.496 GC heap after
{Heap after GC invocations=14 (full 0):
 garbage-first heap   total 256000K, used 45581K [0x00000000c0000000, 0x0000000100000000)
  region size 1024K, 9 young (9216K), 9 survivors (9216K)
 Metaspace       used 97983K, capacity 100761K, committed 100912K, reserved 1136640K
  class space    used 13217K, capacity 14662K, committed 14720K, reserved 1048576K
}
Event: 9.368 GC heap before
{Heap before GC invocations=15 (full 0):
 garbage-first heap   total 256000K, used 199181K [0x00000000c0000000, 0x0000000100000000)
  region size 1024K, 150 young (153600K), 9 survivors (9216K)
 Metaspace       used 113872K, capacity 117734K, committed 117800K, reserved 1148928K
  class space    used 15795K, capacity 17751K, committed 17784K, reserved 1048576K
}
Event: 9.376 GC heap after
{Heap after GC invocations=16 (full 0):
 garbage-first heap   total 256000K, used 48549K [0x00000000c0000000, 0x0000000100000000)
  region size 1024K, 12 young (12288K), 12 survivors (12288K)
 Metaspace       used 113872K, capacity 117734K, committed 117800K, reserved 1148928K
  class space    used 15795K, capacity 17751K, committed 17784K, reserved 1048576K
}
Event: 10.368 GC heap before
{Heap before GC invocations=16 (full 0):
 garbage-first heap   total 256000K, used 193957K [0x00000000c0000000, 0x0000000100000000)
  region size 1024K, 150 young (153600K), 12 survivors (12288K)
 Metaspace       used 124571K, capacity 129161K, committed 129448K, reserved 1159168K
  class space    used 17307K, capacity 19646K, committed 19704K, reserved 1048576K
}
Event: 10.391 GC heap after
{Heap after GC invocations=17 (full 0):
 garbage-first heap   total 256000K, used 51924K [0x00000000c0000000, 0x0000000100000000)
  region size 1024K, 10 young (10240K), 10 survivors (10240K)
 Metaspace       used 124571K, capacity 129161K, committed 129448K, reserved 1159168K
  class space    used 17307K, capacity 19646K, committed 19704K, reserved 1048576K
}
Event: 59.115 GC heap before
{Heap before GC invocations=17 (full 0):
 garbage-first heap   total 256000K, used 209620K [0x00000000c0000000, 0x0000000100000000)
  region size 1024K, 150 young (153600K), 10 survivors (10240K)
 Metaspace       used 132734K, capacity 137794K, committed 137896K, reserved 1167360K
  class space    used 18404K, capacity 20957K, committed 20984K, reserved 1048576K
}
Event: 59.124 GC heap after
{Heap after GC invocations=18 (full 0):
 garbage-first heap   total 256000K, used 56483K [0x00000000c0000000, 0x0000000100000000)
  region size 1024K, 15 young (15360K), 15 survivors (15360K)
 Metaspace       used 132734K, capacity 137794K, committed 137896K, reserved 1167360K
  class space    used 18404K, capacity 20957K, committed 20984K, reserved 1048576K
}
Event: 216.785 GC heap before
{Heap before GC invocations=18 (full 0):
 garbage-first heap   total 256000K, used 241827K [0x00000000c0000000, 0x0000000100000000)
  region size 1024K, 150 young (153600K), 15 survivors (15360K)
 Metaspace       used 135621K, capacity 140827K, committed 141096K, reserved 1169408K
  class space    used 18625K, capacity 21247K, committed 21368K, reserved 1048576K
}

