# JRE version: OpenJDK Runtime Environment (11.0.9+11) (build 11.0.9+11-suse-lp151.3.22.1-x8664)
# Java VM: OpenJDK 64-Bit Server VM (11.0.9+11-suse-lp151.3.22.1-x8664, mixed mode, tiered, compressed oops, g1 gc, linux-amd64)
Heap:
 garbage-first heap   total 256000K, used 233303K [0x00000000c0000000, 0x0000000100000000)
  region size 1024K, 129 young (132096K), 13 survivors (13312K)
 Metaspace       used 133742K, capacity 138879K, committed 139000K, reserved 1167360K
  class space    used 18392K, capacity 20951K, committed 20984K, reserved 1048576K
GC Heap History (20 events):
Event: 2.261 GC heap before
{Heap before GC invocations=5 (full 0):
 garbage-first heap   total 256000K, used 100775K [0x00000000c0000000, 0x0000000100000000)
  region size 1024K, 77 young (78848K), 6 survivors (6144K)
 Metaspace       used 32616K, capacity 33622K, committed 33920K, reserved 1079296K
  class space    used 4421K, capacity 4923K, committed 4992K, reserved 1048576K
}
Event: 2.272 GC heap after
{Heap after GC invocations=6 (full 0):
 garbage-first heap   total 256000K, used 30580K [0x00000000c0000000, 0x0000000100000000)
  region size 1024K, 8 young (8192K), 8 survivors (8192K)
 Metaspace       used 32616K, capacity 33622K, committed 33920K, reserved 1079296K
  class space    used 4421K, capacity 4923K, committed 4992K, reserved 1048576K
}
Event: 2.418 GC heap before
{Heap before GC invocations=6 (full 0):
 garbage-first heap   total 256000K, used 43892K [0x00000000c0000000, 0x0000000100000000)
  region size 1024K, 22 young (22528K), 8 survivors (8192K)
 Metaspace       used 34258K, capacity 35316K, committed 35584K, reserved 1079296K
  class space    used 4590K, capacity 5099K, committed 5120K, reserved 1048576K
}
Event: 2.441 GC heap after
{Heap after GC invocations=7 (full 0):
 garbage-first heap   total 256000K, used 30517K [0x00000000c0000000, 0x0000000100000000)
  region size 1024K, 8 young (8192K), 8 survivors (8192K)
 Metaspace       used 34258K, capacity 35316K, committed 35584K, reserved 1079296K
  class space    used 4590K, capacity 5099K, committed 5120K, reserved 1048576K
}
Event: 3.527 GC heap before
{Heap before GC invocations=8 (full 0):
 garbage-first heap   total 256000K, used 165685K [0x00000000c0000000, 0x0000000100000000)
  region size 1024K, 140 young (143360K), 8 survivors (8192K)
 Metaspace       used 50354K, capacity 51895K, committed 52224K, reserved 1093632K
  class space    used 6781K, capacity 7602K, committed 7680K, reserved 1048576K
}
Event: 3.538 GC heap after
{Heap after GC invocations=9 (full 0):
 garbage-first heap   total 256000K, used 35455K [0x00000000c0000000, 0x0000000100000000)
  region size 1024K, 13 young (13312K), 13 survivors (13312K)
 Metaspace       used 50354K, capacity 51895K, committed 52224K, reserved 1093632K
  class space    used 6781K, capacity 7602K, committed 7680K, reserved 1048576K
}
Event: 4.147 GC heap before
{Heap before GC invocations=9 (full 0):
 garbage-first heap   total 256000K, used 97919K [0x00000000c0000000, 0x0000000100000000)
  region size 1024K, 75 young (76800K), 13 survivors (13312K)
 Metaspace       used 57565K, capacity 59321K, committed 59520K, reserved 1099776K
  class space    used 7686K, capacity 8637K, committed 8704K, reserved 1048576K
}
Event: 4.159 GC heap after
{Heap after GC invocations=10 (full 0):
 garbage-first heap   total 256000K, used 37417K [0x00000000c0000000, 0x0000000100000000)
  region size 1024K, 12 young (12288K), 12 survivors (12288K)
 Metaspace       used 57565K, capacity 59321K, committed 59520K, reserved 1099776K
  class space    used 7686K, capacity 8637K, committed 8704K, reserved 1048576K
}
Event: 5.688 GC heap before
{Heap before GC invocations=11 (full 0):
 garbage-first heap   total 256000K, used 178729K [0x00000000c0000000, 0x0000000100000000)
  region size 1024K, 150 young (153600K), 12 survivors (12288K)
 Metaspace       used 72604K, capacity 74595K, committed 75008K, reserved 1114112K
  class space    used 9868K, capacity 10927K, committed 11008K, reserved 1048576K
}
Event: 5.709 GC heap after
{Heap after GC invocations=12 (full 0):
 garbage-first heap   total 256000K, used 42148K [0x00000000c0000000, 0x0000000100000000)
  region size 1024K, 15 young (15360K), 15 survivors (15360K)
 Metaspace       used 72604K, capacity 74595K, committed 75008K, reserved 1114112K
  class space    used 9868K, capacity 10927K, committed 11008K, reserved 1048576K
}
Event: 6.979 GC heap before
{Heap before GC invocations=12 (full 0):
 garbage-first heap   total 256000K, used 179364K [0x00000000c0000000, 0x0000000100000000)
  region size 1024K, 150 young (153600K), 15 survivors (15360K)
 Metaspace       used 89291K, capacity 91652K, committed 92032K, reserved 1128448K
  class space    used 11888K, capacity 13099K, committed 13184K, reserved 1048576K
}
Event: 7.001 GC heap after
{Heap after GC invocations=13 (full 0):
 garbage-first heap   total 256000K, used 44795K [0x00000000c0000000, 0x0000000100000000)
  region size 1024K, 10 young (10240K), 10 survivors (10240K)
 Metaspace       used 89291K, capacity 91652K, committed 92032K, reserved 1128448K
  class space    used 11888K, capacity 13099K, committed 13184K, reserved 1048576K
}
Event: 7.843 GC heap before
{Heap before GC invocations=13 (full 0):
 garbage-first heap   total 256000K, used 103163K [0x00000000c0000000, 0x0000000100000000)
  region size 1024K, 68 young (69632K), 10 survivors (10240K)
 Metaspace       used 96822K, capacity 99402K, committed 99584K, reserved 1134592K
  class space    used 12934K, capacity 14291K, committed 14336K, reserved 1048576K
}
Event: 7.862 GC heap after
{Heap after GC invocations=14 (full 0):
 garbage-first heap   total 256000K, used 44795K [0x00000000c0000000, 0x0000000100000000)
  region size 1024K, 10 young (10240K), 10 survivors (10240K)
 Metaspace       used 96822K, capacity 99402K, committed 99584K, reserved 1134592K
  class space    used 12934K, capacity 14291K, committed 14336K, reserved 1048576K
}
Event: 9.655 GC heap before
{Heap before GC invocations=15 (full 0):
 garbage-first heap   total 256000K, used 197371K [0x00000000c0000000, 0x0000000100000000)
  region size 1024K, 150 young (153600K), 10 survivors (10240K)
 Metaspace       used 112463K, capacity 116205K, committed 116472K, reserved 1148928K
  class space    used 15598K, capacity 17534K, committed 17656K, reserved 1048576K
}
Event: 9.672 GC heap after
{Heap after GC invocations=16 (full 0):
 garbage-first heap   total 256000K, used 48746K [0x00000000c0000000, 0x0000000100000000)
  region size 1024K, 12 young (12288K), 12 survivors (12288K)
 Metaspace       used 112463K, capacity 116205K, committed 116472K, reserved 1148928K
  class space    used 15598K, capacity 17534K, committed 17656K, reserved 1048576K
}
Event: 10.857 GC heap before
{Heap before GC invocations=17 (full 0):
 garbage-first heap   total 256000K, used 194154K [0x00000000c0000000, 0x0000000100000000)
  region size 1024K, 150 young (153600K), 12 survivors (12288K)
 Metaspace       used 123065K, capacity 127722K, committed 128120K, reserved 1157120K
  class space    used 17145K, capacity 19487K, committed 19576K, reserved 1048576K
}
Event: 10.874 GC heap after
{Heap after GC invocations=18 (full 0):
 garbage-first heap   total 256000K, used 52082K [0x00000000c0000000, 0x0000000100000000)
  region size 1024K, 11 young (11264K), 11 survivors (11264K)
 Metaspace       used 123065K, capacity 127722K, committed 128120K, reserved 1157120K
  class space    used 17145K, capacity 19487K, committed 19576K, reserved 1048576K
}
Event: 136.930 GC heap before
{Heap before GC invocations=18 (full 0):
 garbage-first heap   total 256000K, used 198514K [0x00000000c0000000, 0x0000000100000000)
  region size 1024K, 150 young (153600K), 11 survivors (11264K)
 Metaspace       used 132047K, capacity 137119K, committed 137464K, reserved 1165312K
  class space    used 18341K, capacity 20884K, committed 20984K, reserved 1048576K
}
Event: 136.944 GC heap after
{Heap after GC invocations=19 (full 0):
 garbage-first heap   total 256000K, used 54103K [0x00000000c0000000, 0x0000000100000000)
  region size 1024K, 13 young (13312K), 13 survivors (13312K)
 Metaspace       used 132047K, capacity 137119K, committed 137464K, reserved 1165312K
  class space    used 18341K, capacity 20884K, committed 20984K, reserved 1048576K
}

