# JRE version: OpenJDK Runtime Environment (11.0.9+11) (build 11.0.9+11-suse-lp151.3.22.1-x8664)
# Java VM: OpenJDK 64-Bit Server VM (11.0.9+11-suse-lp151.3.22.1-x8664, mixed mode, tiered, compressed oops, g1 gc, linux-amd64)
Heap:
 garbage-first heap   total 268288K, used 135641K [0x00000000c0000000, 0x0000000100000000)
  region size 1024K, 63 young (64512K), 19 survivors (19456K)
 Metaspace       used 135898K, capacity 141276K, committed 141652K, reserved 1169408K
  class space    used 18621K, capacity 21256K, committed 21376K, reserved 1048576K
GC Heap History (20 events):
Event: 2.463 GC heap before
{Heap before GC invocations=6 (full 0):
 garbage-first heap   total 256000K, used 45664K [0x00000000c0000000, 0x0000000100000000)
  region size 1024K, 24 young (24576K), 8 survivors (8192K)
 Metaspace       used 34730K, capacity 35764K, committed 35888K, reserved 1079296K
  class space    used 4654K, capacity 5163K, committed 5248K, reserved 1048576K
}
Event: 2.474 GC heap after
{Heap after GC invocations=7 (full 0):
 garbage-first heap   total 256000K, used 30995K [0x00000000c0000000, 0x0000000100000000)
  region size 1024K, 8 young (8192K), 8 survivors (8192K)
 Metaspace       used 34730K, capacity 35764K, committed 35888K, reserved 1079296K
  class space    used 4654K, capacity 5163K, committed 5248K, reserved 1048576K
}
Event: 3.679 GC heap before
{Heap before GC invocations=8 (full 0):
 garbage-first heap   total 256000K, used 176403K [0x00000000c0000000, 0x0000000100000000)
  region size 1024K, 150 young (153600K), 8 survivors (8192K)
 Metaspace       used 52430K, capacity 54036K, committed 54320K, reserved 1095680K
  class space    used 6912K, capacity 7742K, committed 7808K, reserved 1048576K
}
Event: 3.689 GC heap after
{Heap after GC invocations=9 (full 0):
 garbage-first heap   total 256000K, used 35713K [0x00000000c0000000, 0x0000000100000000)
  region size 1024K, 13 young (13312K), 13 survivors (13312K)
 Metaspace       used 52430K, capacity 54036K, committed 54320K, reserved 1095680K
  class space    used 6912K, capacity 7742K, committed 7808K, reserved 1048576K
}
Event: 4.170 GC heap before
{Heap before GC invocations=9 (full 0):
 garbage-first heap   total 256000K, used 87937K [0x00000000c0000000, 0x0000000100000000)
  region size 1024K, 65 young (66560K), 13 survivors (13312K)
 Metaspace       used 58132K, capacity 59897K, committed 60240K, reserved 1101824K
  class space    used 7762K, capacity 8702K, committed 8704K, reserved 1048576K
}
Event: 4.182 GC heap after
{Heap after GC invocations=10 (full 0):
 garbage-first heap   total 256000K, used 37487K [0x00000000c0000000, 0x0000000100000000)
  region size 1024K, 12 young (12288K), 12 survivors (12288K)
 Metaspace       used 58132K, capacity 59897K, committed 60240K, reserved 1101824K
  class space    used 7762K, capacity 8702K, committed 8704K, reserved 1048576K
}
Event: 5.677 GC heap before
{Heap before GC invocations=11 (full 0):
 garbage-first heap   total 256000K, used 177775K [0x00000000c0000000, 0x0000000100000000)
  region size 1024K, 149 young (152576K), 12 survivors (12288K)
 Metaspace       used 73166K, capacity 75172K, committed 75344K, reserved 1114112K
  class space    used 9932K, capacity 10992K, committed 11008K, reserved 1048576K
}
Event: 5.702 GC heap after
{Heap after GC invocations=12 (full 0):
 garbage-first heap   total 256000K, used 42107K [0x00000000c0000000, 0x0000000100000000)
  region size 1024K, 15 young (15360K), 15 survivors (15360K)
 Metaspace       used 73166K, capacity 75172K, committed 75344K, reserved 1114112K
  class space    used 9932K, capacity 10992K, committed 11008K, reserved 1048576K
}
Event: 48.033 GC heap before
{Heap before GC invocations=12 (full 0):
 garbage-first heap   total 256000K, used 180347K [0x00000000c0000000, 0x0000000100000000)
  region size 1024K, 150 young (153600K), 15 survivors (15360K)
 Metaspace       used 91715K, capacity 94400K, committed 94800K, reserved 1130496K
  class space    used 12594K, capacity 13988K, committed 14080K, reserved 1048576K
}
Event: 48.059 GC heap after
{Heap after GC invocations=13 (full 0):
 garbage-first heap   total 256000K, used 46003K [0x00000000c0000000, 0x0000000100000000)
  region size 1024K, 11 young (11264K), 11 survivors (11264K)
 Metaspace       used 91715K, capacity 94400K, committed 94800K, reserved 1130496K
  class space    used 12594K, capacity 13988K, committed 14080K, reserved 1048576K
}
Event: 48.434 GC heap before
{Heap before GC invocations=13 (full 0):
 garbage-first heap   total 256000K, used 106419K [0x00000000c0000000, 0x0000000100000000)
  region size 1024K, 71 young (72704K), 11 survivors (11264K)
 Metaspace       used 97523K, capacity 100322K, committed 100560K, reserved 1134592K
  class space    used 13359K, capacity 14851K, committed 14976K, reserved 1048576K
}
Event: 48.452 GC heap after
{Heap after GC invocations=14 (full 0):
 garbage-first heap   total 256000K, used 46121K [0x00000000c0000000, 0x0000000100000000)
  region size 1024K, 9 young (9216K), 9 survivors (9216K)
 Metaspace       used 97523K, capacity 100322K, committed 100560K, reserved 1134592K
  class space    used 13359K, capacity 14851K, committed 14976K, reserved 1048576K
}
Event: 49.754 GC heap before
{Heap before GC invocations=15 (full 0):
 garbage-first heap   total 256000K, used 197673K [0x00000000c0000000, 0x0000000100000000)
  region size 1024K, 147 young (150528K), 9 survivors (9216K)
 Metaspace       used 112406K, capacity 116296K, committed 116436K, reserved 1148928K
  class space    used 15633K, capacity 17641K, committed 17664K, reserved 1048576K
}
Event: 49.766 GC heap after
{Heap after GC invocations=16 (full 0):
 garbage-first heap   total 256000K, used 49425K [0x00000000c0000000, 0x0000000100000000)
  region size 1024K, 12 young (12288K), 12 survivors (12288K)
 Metaspace       used 112406K, capacity 116296K, committed 116436K, reserved 1148928K
  class space    used 15633K, capacity 17641K, committed 17664K, reserved 1048576K
}
Event: 50.754 GC heap before
{Heap before GC invocations=17 (full 0):
 garbage-first heap   total 256000K, used 194833K [0x00000000c0000000, 0x0000000100000000)
  region size 1024K, 150 young (153600K), 12 survivors (12288K)
 Metaspace       used 123987K, capacity 128677K, committed 128980K, reserved 1159168K
  class space    used 17276K, capacity 19645K, committed 19712K, reserved 1048576K
}
Event: 50.768 GC heap after
{Heap after GC invocations=18 (full 0):
 garbage-first heap   total 256000K, used 53203K [0x00000000c0000000, 0x0000000100000000)
  region size 1024K, 11 young (11264K), 11 survivors (11264K)
 Metaspace       used 123987K, capacity 128677K, committed 128980K, reserved 1159168K
  class space    used 17276K, capacity 19645K, committed 19712K, reserved 1048576K
}
Event: 73.267 GC heap before
{Heap before GC invocations=18 (full 0):
 garbage-first heap   total 256000K, used 199635K [0x00000000c0000000, 0x0000000100000000)
  region size 1024K, 150 young (153600K), 11 survivors (11264K)
 Metaspace       used 133358K, capacity 138502K, committed 138708K, reserved 1167360K
  class space    used 18535K, capacity 21142K, committed 21248K, reserved 1048576K
}
Event: 73.279 GC heap after
{Heap after GC invocations=19 (full 0):
 garbage-first heap   total 256000K, used 55309K [0x00000000c0000000, 0x0000000100000000)
  region size 1024K, 10 young (10240K), 10 survivors (10240K)
 Metaspace       used 133358K, capacity 138502K, committed 138708K, reserved 1167360K
  class space    used 18535K, capacity 21142K, committed 21248K, reserved 1048576K
}
Event: 298.349 GC heap before
{Heap before GC invocations=19 (full 0):
 garbage-first heap   total 256000K, used 246797K [0x00000000c0000000, 0x0000000100000000)
  region size 1024K, 150 young (153600K), 10 survivors (10240K)
 Metaspace       used 135524K, capacity 140844K, committed 141012K, reserved 1169408K
  class space    used 18612K, capacity 21241K, committed 21248K, reserved 1048576K
}
Event: 298.397 GC heap after
{Heap after GC invocations=20 (full 0):
 garbage-first heap   total 268288K, used 64985K [0x00000000c0000000, 0x0000000100000000)
  region size 1024K, 19 young (19456K), 19 survivors (19456K)
 Metaspace       used 135524K, capacity 140844K, committed 141012K, reserved 1169408K
  class space    used 18612K, capacity 21241K, committed 21248K, reserved 1048576K
}

