# JRE version: OpenJDK Runtime Environment (11.0.9+11) (build 11.0.9+11-suse-lp151.3.22.1-x8664)
# Java VM: OpenJDK 64-Bit Server VM (11.0.9+11-suse-lp151.3.22.1-x8664, mixed mode, tiered, compressed oops, g1 gc, linux-amd64)
Heap:
 garbage-first heap   total 262144K, used 181463K [0x00000000c0000000, 0x0000000100000000)
  region size 1024K, 94 young (96256K), 15 survivors (15360K)
 Metaspace       used 136365K, capacity 141657K, committed 141940K, reserved 1169408K
  class space    used 18698K, capacity 21348K, committed 21452K, reserved 1048576K
GC Heap History (20 events):
Event: 2.423 GC heap before
{Heap before GC invocations=6 (full 0):
 garbage-first heap   total 256000K, used 41038K [0x00000000c0000000, 0x0000000100000000)
  region size 1024K, 19 young (19456K), 8 survivors (8192K)
 Metaspace       used 34724K, capacity 35752K, committed 35888K, reserved 1079296K
  class space    used 4645K, capacity 5163K, committed 5248K, reserved 1048576K
}
Event: 2.433 GC heap after
{Heap after GC invocations=7 (full 0):
 garbage-first heap   total 256000K, used 30795K [0x00000000c0000000, 0x0000000100000000)
  region size 1024K, 8 young (8192K), 8 survivors (8192K)
 Metaspace       used 34724K, capacity 35752K, committed 35888K, reserved 1079296K
  class space    used 4645K, capacity 5163K, committed 5248K, reserved 1048576K
}
Event: 3.431 GC heap before
{Heap before GC invocations=8 (full 0):
 garbage-first heap   total 256000K, used 153675K [0x00000000c0000000, 0x0000000100000000)
  region size 1024K, 128 young (131072K), 8 survivors (8192K)
 Metaspace       used 49467K, capacity 50950K, committed 51120K, reserved 1093632K
  class space    used 6612K, capacity 7355K, committed 7424K, reserved 1048576K
}
Event: 3.447 GC heap after
{Heap after GC invocations=9 (full 0):
 garbage-first heap   total 256000K, used 34823K [0x00000000c0000000, 0x0000000100000000)
  region size 1024K, 12 young (12288K), 12 survivors (12288K)
 Metaspace       used 49467K, capacity 50950K, committed 51120K, reserved 1093632K
  class space    used 6612K, capacity 7355K, committed 7424K, reserved 1048576K
}
Event: 4.109 GC heap before
{Heap before GC invocations=9 (full 0):
 garbage-first heap   total 256000K, used 111623K [0x00000000c0000000, 0x0000000100000000)
  region size 1024K, 88 young (90112K), 12 survivors (12288K)
 Metaspace       used 58151K, capacity 59917K, committed 60208K, reserved 1101824K
  class space    used 7767K, capacity 8733K, committed 8832K, reserved 1048576K
}
Event: 4.121 GC heap after
{Heap after GC invocations=10 (full 0):
 garbage-first heap   total 256000K, used 37723K [0x00000000c0000000, 0x0000000100000000)
  region size 1024K, 12 young (12288K), 12 survivors (12288K)
 Metaspace       used 58151K, capacity 59917K, committed 60208K, reserved 1101824K
  class space    used 7767K, capacity 8733K, committed 8832K, reserved 1048576K
}
Event: 5.475 GC heap before
{Heap before GC invocations=11 (full 0):
 garbage-first heap   total 256000K, used 174939K [0x00000000c0000000, 0x0000000100000000)
  region size 1024K, 145 young (148480K), 12 survivors (12288K)
 Metaspace       used 72628K, capacity 74743K, committed 74928K, reserved 1114112K
  class space    used 9879K, capacity 10959K, committed 11008K, reserved 1048576K
}
Event: 5.502 GC heap after
{Heap after GC invocations=12 (full 0):
 garbage-first heap   total 256000K, used 42460K [0x00000000c0000000, 0x0000000100000000)
  region size 1024K, 15 young (15360K), 15 survivors (15360K)
 Metaspace       used 72628K, capacity 74743K, committed 74928K, reserved 1114112K
  class space    used 9879K, capacity 10959K, committed 11008K, reserved 1048576K
}
Event: 17.823 GC heap before
{Heap before GC invocations=12 (full 0):
 garbage-first heap   total 256000K, used 180700K [0x00000000c0000000, 0x0000000100000000)
  region size 1024K, 150 young (153600K), 15 survivors (15360K)
 Metaspace       used 91244K, capacity 93845K, committed 94256K, reserved 1130496K
  class space    used 12516K, capacity 13892K, committed 13952K, reserved 1048576K
}
Event: 17.853 GC heap after
{Heap after GC invocations=13 (full 0):
 garbage-first heap   total 256000K, used 45861K [0x00000000c0000000, 0x0000000100000000)
  region size 1024K, 12 young (12288K), 12 survivors (12288K)
 Metaspace       used 91244K, capacity 93845K, committed 94256K, reserved 1130496K
  class space    used 12516K, capacity 13892K, committed 13952K, reserved 1048576K
}
Event: 18.332 GC heap before
{Heap before GC invocations=13 (full 0):
 garbage-first heap   total 256000K, used 107301K [0x00000000c0000000, 0x0000000100000000)
  region size 1024K, 73 young (74752K), 12 survivors (12288K)
 Metaspace       used 97922K, capacity 100656K, committed 100776K, reserved 1134592K
  class space    used 13388K, capacity 14845K, committed 14848K, reserved 1048576K
}
Event: 18.342 GC heap after
{Heap after GC invocations=14 (full 0):
 garbage-first heap   total 256000K, used 46825K [0x00000000c0000000, 0x0000000100000000)
  region size 1024K, 10 young (10240K), 10 survivors (10240K)
 Metaspace       used 97922K, capacity 100656K, committed 100776K, reserved 1134592K
  class space    used 13388K, capacity 14845K, committed 14848K, reserved 1048576K
}
Event: 19.796 GC heap before
{Heap before GC invocations=15 (full 0):
 garbage-first heap   total 256000K, used 199401K [0x00000000c0000000, 0x0000000100000000)
  region size 1024K, 149 young (152576K), 10 survivors (10240K)
 Metaspace       used 114375K, capacity 118493K, committed 118772K, reserved 1150976K
  class space    used 16009K, capacity 18137K, committed 18252K, reserved 1048576K
}
Event: 19.804 GC heap after
{Heap after GC invocations=16 (full 0):
 garbage-first heap   total 256000K, used 50077K [0x00000000c0000000, 0x0000000100000000)
  region size 1024K, 13 young (13312K), 13 survivors (13312K)
 Metaspace       used 114375K, capacity 118493K, committed 118772K, reserved 1150976K
  class space    used 16009K, capacity 18137K, committed 18252K, reserved 1048576K
}
Event: 27.555 GC heap before
{Heap before GC invocations=16 (full 0):
 garbage-first heap   total 256000K, used 205725K [0x00000000c0000000, 0x0000000100000000)
  region size 1024K, 150 young (153600K), 13 survivors (13312K)
 Metaspace       used 122709K, capacity 127703K, committed 127860K, reserved 1157120K
  class space    used 17284K, capacity 19824K, committed 19916K, reserved 1048576K
}
Event: 27.577 GC heap after
{Heap after GC invocations=17 (full 0):
 garbage-first heap   total 256000K, used 56020K [0x00000000c0000000, 0x0000000100000000)
  region size 1024K, 14 young (14336K), 14 survivors (14336K)
 Metaspace       used 122709K, capacity 127703K, committed 127860K, reserved 1157120K
  class space    used 17284K, capacity 19824K, committed 19916K, reserved 1048576K
}
Event: 28.161 GC heap before
{Heap before GC invocations=17 (full 0):
 garbage-first heap   total 256000K, used 195284K [0x00000000c0000000, 0x0000000100000000)
  region size 1024K, 150 young (153600K), 14 survivors (14336K)
 Metaspace       used 131959K, capacity 136943K, committed 137460K, reserved 1165312K
  class space    used 18240K, capacity 20773K, committed 20812K, reserved 1048576K
}
Event: 28.175 GC heap after
{Heap after GC invocations=18 (full 0):
 garbage-first heap   total 256000K, used 58361K [0x00000000c0000000, 0x0000000100000000)
  region size 1024K, 13 young (13312K), 13 survivors (13312K)
 Metaspace       used 131959K, capacity 136943K, committed 137460K, reserved 1165312K
  class space    used 18240K, capacity 20773K, committed 20812K, reserved 1048576K
}
Event: 406.727 GC heap before
{Heap before GC invocations=18 (full 0):
 garbage-first heap   total 256000K, used 240633K [0x00000000c0000000, 0x0000000100000000)
  region size 1024K, 150 young (153600K), 13 survivors (13312K)
 Metaspace       used 135384K, capacity 140587K, committed 140916K, reserved 1169408K
  class space    used 18677K, capacity 21326K, committed 21452K, reserved 1048576K
}
Event: 406.741 GC heap after
{Heap after GC invocations=19 (full 0):
 garbage-first heap   total 262144K, used 64727K [0x00000000c0000000, 0x0000000100000000)
  region size 1024K, 15 young (15360K), 15 survivors (15360K)
 Metaspace       used 135384K, capacity 140587K, committed 140916K, reserved 1169408K
  class space    used 18677K, capacity 21326K, committed 21452K, reserved 1048576K
}

