# JRE version: OpenJDK Runtime Environment (11.0.9+11) (build 11.0.9+11-suse-lp151.3.22.1-x8664)
# Java VM: OpenJDK 64-Bit Server VM (11.0.9+11-suse-lp151.3.22.1-x8664, mixed mode, tiered, compressed oops, g1 gc, linux-amd64)
Heap:
 garbage-first heap   total 345088K, used 234170K [0x00000000c0000000, 0x0000000100000000)
  region size 1024K, 147 young (150528K), 16 survivors (16384K)
 Metaspace       used 135190K, capacity 141252K, committed 141688K, reserved 1169408K
  class space    used 19414K, capacity 22609K, committed 22648K, reserved 1048576K
GC Heap History (20 events):
Event: 1.204 GC heap before
{Heap before GC invocations=3 (full 0):
 garbage-first heap   total 256000K, used 55337K [0x00000000c0000000, 0x0000000100000000)
  region size 1024K, 33 young (33792K), 5 survivors (5120K)
 Metaspace       used 20535K, capacity 20916K, committed 21248K, reserved 1069056K
  class space    used 2398K, capacity 2538K, committed 2560K, reserved 1048576K
}
Event: 1.212 GC heap after
{Heap after GC invocations=4 (full 0):
 garbage-first heap   total 256000K, used 28117K [0x00000000c0000000, 0x0000000100000000)
  region size 1024K, 5 young (5120K), 5 survivors (5120K)
 Metaspace       used 20535K, capacity 20916K, committed 21248K, reserved 1069056K
  class space    used 2398K, capacity 2538K, committed 2560K, reserved 1048576K
}
Event: 2.088 GC heap before
{Heap before GC invocations=5 (full 0):
 garbage-first heap   total 256000K, used 100821K [0x00000000c0000000, 0x0000000100000000)
  region size 1024K, 76 young (77824K), 5 survivors (5120K)
 Metaspace       used 32620K, capacity 33678K, committed 33920K, reserved 1079296K
  class space    used 4421K, capacity 4923K, committed 4992K, reserved 1048576K
}
Event: 2.100 GC heap after
{Heap after GC invocations=6 (full 0):
 garbage-first heap   total 256000K, used 30436K [0x00000000c0000000, 0x0000000100000000)
  region size 1024K, 8 young (8192K), 8 survivors (8192K)
 Metaspace       used 32620K, capacity 33678K, committed 33920K, reserved 1079296K
  class space    used 4421K, capacity 4923K, committed 4992K, reserved 1048576K
}
Event: 2.236 GC heap before
{Heap before GC invocations=6 (full 0):
 garbage-first heap   total 256000K, used 43748K [0x00000000c0000000, 0x0000000100000000)
  region size 1024K, 22 young (22528K), 8 survivors (8192K)
 Metaspace       used 34262K, capacity 35308K, committed 35584K, reserved 1079296K
  class space    used 4590K, capacity 5099K, committed 5120K, reserved 1048576K
}
Event: 2.253 GC heap after
{Heap after GC invocations=7 (full 0):
 garbage-first heap   total 256000K, used 30484K [0x00000000c0000000, 0x0000000100000000)
  region size 1024K, 8 young (8192K), 8 survivors (8192K)
 Metaspace       used 34262K, capacity 35308K, committed 35584K, reserved 1079296K
  class space    used 4590K, capacity 5099K, committed 5120K, reserved 1048576K
}
Event: 3.012 GC heap before
{Heap before GC invocations=8 (full 0):
 garbage-first heap   total 256000K, used 132884K [0x00000000c0000000, 0x0000000100000000)
  region size 1024K, 108 young (110592K), 8 survivors (8192K)
 Metaspace       used 45877K, capacity 47246K, committed 47360K, reserved 1089536K
  class space    used 6174K, capacity 6881K, committed 6912K, reserved 1048576K
}
Event: 3.026 GC heap after
{Heap after GC invocations=9 (full 0):
 garbage-first heap   total 256000K, used 33903K [0x00000000c0000000, 0x0000000100000000)
  region size 1024K, 9 young (9216K), 9 survivors (9216K)
 Metaspace       used 45877K, capacity 47246K, committed 47360K, reserved 1089536K
  class space    used 6174K, capacity 6881K, committed 6912K, reserved 1048576K
}
Event: 3.743 GC heap before
{Heap before GC invocations=9 (full 0):
 garbage-first heap   total 256000K, used 130159K [0x00000000c0000000, 0x0000000100000000)
  region size 1024K, 104 young (106496K), 9 survivors (9216K)
 Metaspace       used 57575K, capacity 59319K, committed 59520K, reserved 1099776K
  class space    used 7689K, capacity 8639K, committed 8704K, reserved 1048576K
}
Event: 3.756 GC heap after
{Heap after GC invocations=10 (full 0):
 garbage-first heap   total 256000K, used 37366K [0x00000000c0000000, 0x0000000100000000)
  region size 1024K, 12 young (12288K), 12 survivors (12288K)
 Metaspace       used 57575K, capacity 59319K, committed 59520K, reserved 1099776K
  class space    used 7689K, capacity 8639K, committed 8704K, reserved 1048576K
}
Event: 4.856 GC heap before
{Heap before GC invocations=11 (full 0):
 garbage-first heap   total 256000K, used 178678K [0x00000000c0000000, 0x0000000100000000)
  region size 1024K, 150 young (153600K), 12 survivors (12288K)
 Metaspace       used 72586K, capacity 74701K, committed 74880K, reserved 1114112K
  class space    used 9961K, capacity 11077K, committed 11136K, reserved 1048576K
}
Event: 4.876 GC heap after
{Heap after GC invocations=12 (full 0):
 garbage-first heap   total 256000K, used 42815K [0x00000000c0000000, 0x0000000100000000)
  region size 1024K, 16 young (16384K), 16 survivors (16384K)
 Metaspace       used 72586K, capacity 74701K, committed 74880K, reserved 1114112K
  class space    used 9961K, capacity 11077K, committed 11136K, reserved 1048576K
}
Event: 5.792 GC heap before
{Heap before GC invocations=12 (full 0):
 garbage-first heap   total 256000K, used 180031K [0x00000000c0000000, 0x0000000100000000)
  region size 1024K, 150 young (153600K), 16 survivors (16384K)
 Metaspace       used 89021K, capacity 91434K, committed 91648K, reserved 1128448K
  class space    used 11936K, capacity 13213K, committed 13312K, reserved 1048576K
}
Event: 5.812 GC heap after
{Heap after GC invocations=13 (full 0):
 garbage-first heap   total 345088K, used 44974K [0x00000000c0000000, 0x0000000100000000)
  region size 1024K, 12 young (12288K), 12 survivors (12288K)
 Metaspace       used 89021K, capacity 91434K, committed 91648K, reserved 1128448K
  class space    used 11936K, capacity 13213K, committed 13312K, reserved 1048576K
}
Event: 6.367 GC heap before
{Heap before GC invocations=13 (full 0):
 garbage-first heap   total 345088K, used 102318K [0x00000000c0000000, 0x0000000100000000)
  region size 1024K, 70 young (71680K), 12 survivors (12288K)
 Metaspace       used 96577K, capacity 99500K, committed 99628K, reserved 1134592K
  class space    used 13252K, capacity 14859K, committed 14892K, reserved 1048576K
}
Event: 6.385 GC heap after
{Heap after GC invocations=14 (full 0):
 garbage-first heap   total 345088K, used 47241K [0x00000000c0000000, 0x0000000100000000)
  region size 1024K, 14 young (14336K), 14 survivors (14336K)
 Metaspace       used 96577K, capacity 99500K, committed 99628K, reserved 1134592K
  class space    used 13252K, capacity 14859K, committed 14892K, reserved 1048576K
}
Event: 8.197 GC heap before
{Heap before GC invocations=15 (full 0):
 garbage-first heap   total 345088K, used 259209K [0x00000000c0000000, 0x0000000100000000)
  region size 1024K, 202 young (206848K), 14 survivors (14336K)
 Metaspace       used 116518K, capacity 121330K, committed 121592K, reserved 1150976K
  class space    used 16934K, capacity 19572K, committed 19704K, reserved 1048576K
}
Event: 8.238 GC heap after
{Heap after GC invocations=16 (full 0):
 garbage-first heap   total 345088K, used 52828K [0x00000000c0000000, 0x0000000100000000)
  region size 1024K, 20 young (20480K), 20 survivors (20480K)
 Metaspace       used 116518K, capacity 121330K, committed 121592K, reserved 1150976K
  class space    used 16934K, capacity 19572K, committed 19704K, reserved 1048576K
}
Event: 9.409 GC heap before
{Heap before GC invocations=16 (full 0):
 garbage-first heap   total 345088K, used 248412K [0x00000000c0000000, 0x0000000100000000)
  region size 1024K, 202 young (206848K), 20 survivors (20480K)
 Metaspace       used 128885K, capacity 135022K, committed 135416K, reserved 1163264K
  class space    used 18749K, capacity 21952K, committed 22008K, reserved 1048576K
}
Event: 9.430 GC heap after
{Heap after GC invocations=17 (full 0):
 garbage-first heap   total 345088K, used 57018K [0x00000000c0000000, 0x0000000100000000)
  region size 1024K, 16 young (16384K), 16 survivors (16384K)
 Metaspace       used 128885K, capacity 135022K, committed 135416K, reserved 1163264K
  class space    used 18749K, capacity 21952K, committed 22008K, reserved 1048576K
}

